23:58:29 INFO  : Launching XSCT server: xsct.bat -n  -interactive C:\dev\capstone_2022\Acc_FCL\acc_fcl_vitis\temp_xsdb_launch_script.tcl
23:58:29 INFO  : Platform repository initialization has completed.
23:58:29 INFO  : Registering command handlers for Vitis TCF services
23:58:31 INFO  : XSCT server has started successfully.
23:58:33 INFO  : Successfully done setting XSCT server connection channel  
23:58:33 INFO  : plnx-install-location is set to ''
23:58:33 INFO  : Successfully done query RDI_DATADIR 
23:58:33 INFO  : Successfully done setting workspace for the tool. 
23:59:49 INFO  : Result from executing command 'getProjects': design_1_wrapper
23:59:49 INFO  : Result from executing command 'getPlatforms': 
23:59:49 WARN  : An unexpected exception occurred in the module 'platform project logging'
23:59:49 INFO  : Platform 'design_1_wrapper' is added to custom repositories.
23:59:56 INFO  : Platform 'design_1_wrapper' is added to custom repositories.
00:00:47 INFO  : Result from executing command 'getProjects': design_1_wrapper
00:00:47 INFO  : Result from executing command 'getPlatforms': design_1_wrapper|C:/dev/capstone_2022/Acc_FCL/acc_fcl_vitis/design_1_wrapper/export/design_1_wrapper/design_1_wrapper.xpfm
00:00:48 INFO  : Checking for BSP changes to sync application flags for project 'acc_fcl_app'...
00:00:55 INFO  : Connected to target on host '127.0.0.1' and port '3121'.
00:00:56 INFO  : Jtag cable 'Digilent Zybo Z7 210351B5BF7DA' is selected.
00:00:56 INFO  : 'jtag frequency' command is executed.
00:00:56 INFO  : Context for 'APU' is selected.
00:00:56 INFO  : System reset is completed.
00:00:59 INFO  : 'after 3000' command is executed.
00:00:59 INFO  : 'targets -set -filter {jtag_cable_name =~ "Digilent Zybo Z7 210351B5BF7DA" && level==0 && jtag_device_ctx=="jsn-Zybo Z7-210351B5BF7DA-23727093-0"}' command is executed.
00:01:02 INFO  : Device configured successfully with "C:/dev/capstone_2022/Acc_FCL/acc_fcl_vitis/acc_fcl_app/_ide/bitstream/design_1_wrapper.bit"
00:01:02 INFO  : Context for 'APU' is selected.
00:01:02 INFO  : Hardware design and registers information is loaded from 'C:/dev/capstone_2022/Acc_FCL/acc_fcl_vitis/design_1_wrapper/export/design_1_wrapper/hw/design_1_wrapper.xsa'.
00:01:02 INFO  : 'configparams force-mem-access 1' command is executed.
00:01:02 INFO  : Context for 'APU' is selected.
00:01:02 INFO  : Sourcing of 'C:/dev/capstone_2022/Acc_FCL/acc_fcl_vitis/acc_fcl_app/_ide/psinit/ps7_init.tcl' is done.
00:01:03 INFO  : 'ps7_init' command is executed.
00:01:03 INFO  : 'ps7_post_config' command is executed.
00:01:03 INFO  : Context for processor 'ps7_cortexa9_0' is selected.
00:01:03 INFO  : The application 'C:/dev/capstone_2022/Acc_FCL/acc_fcl_vitis/acc_fcl_app/Debug/acc_fcl_app.elf' is downloaded to processor 'ps7_cortexa9_0'.
00:01:03 INFO  : 'configparams force-mem-access 0' command is executed.
00:01:03 INFO  : ----------------XSDB Script----------------
connect -url tcp:127.0.0.1:3121
targets -set -nocase -filter {name =~"APU*"}
rst -system
after 3000
targets -set -filter {jtag_cable_name =~ "Digilent Zybo Z7 210351B5BF7DA" && level==0 && jtag_device_ctx=="jsn-Zybo Z7-210351B5BF7DA-23727093-0"}
fpga -file C:/dev/capstone_2022/Acc_FCL/acc_fcl_vitis/acc_fcl_app/_ide/bitstream/design_1_wrapper.bit
targets -set -nocase -filter {name =~"APU*"}
loadhw -hw C:/dev/capstone_2022/Acc_FCL/acc_fcl_vitis/design_1_wrapper/export/design_1_wrapper/hw/design_1_wrapper.xsa -mem-ranges [list {0x40000000 0xbfffffff}] -regs
configparams force-mem-access 1
targets -set -nocase -filter {name =~"APU*"}
source C:/dev/capstone_2022/Acc_FCL/acc_fcl_vitis/acc_fcl_app/_ide/psinit/ps7_init.tcl
ps7_init
ps7_post_config
targets -set -nocase -filter {name =~ "*A9*#0"}
dow C:/dev/capstone_2022/Acc_FCL/acc_fcl_vitis/acc_fcl_app/Debug/acc_fcl_app.elf
configparams force-mem-access 0
----------------End of Script----------------

00:01:03 INFO  : Context for processor 'ps7_cortexa9_0' is selected.
00:01:04 INFO  : 'con' command is executed.
00:01:04 INFO  : ----------------XSDB Script (After Launch)----------------
targets -set -nocase -filter {name =~ "*A9*#0"}
con
----------------End of Script----------------

00:01:04 INFO  : Launch script is exported to file 'C:\dev\capstone_2022\Acc_FCL\acc_fcl_vitis\acc_fcl_app_system\_ide\scripts\debugger_acc_fcl_app-default.tcl'
00:02:51 INFO  : Disconnected from the channel tcfchan#2.
