Copyright 1986-2021 Xilinx, Inc. All Rights Reserved.
---------------------------------------------------------------------------------------------
| Tool Version : Vivado v.2021.2 (win64) Build 3367213 Tue Oct 19 02:48:09 MDT 2021
| Date         : Wed Aug 31 11:03:50 2022
| Host         : DESKTOP-T288I0O running 64-bit major release  (build 9200)
| Command      : report_control_sets -verbose -file design_1_wrapper_control_sets_placed.rpt
| Design       : design_1_wrapper
| Device       : xc7z020
---------------------------------------------------------------------------------------------

Control Set Information

Table of Contents
-----------------
1. Summary
2. Histogram
3. Flip-Flop Distribution
4. Detailed Control Set Information

1. Summary
----------

+----------------------------------------------------------+-------+
|                          Status                          | Count |
+----------------------------------------------------------+-------+
| Total control sets                                       |    76 |
|    Minimum number of control sets                        |    76 |
|    Addition due to synthesis replication                 |     0 |
|    Addition due to physical synthesis replication        |     0 |
| Unused register locations in slices containing registers |   101 |
+----------------------------------------------------------+-------+
* Control sets can be merged at opt_design using control_set_merge or merge_equivalent_drivers
** Run report_qor_suggestions for automated merging and remapping suggestions


2. Histogram
------------

+--------------------+-------+
|       Fanout       | Count |
+--------------------+-------+
| Total control sets |    76 |
| >= 0 to < 4        |     2 |
| >= 4 to < 6        |     8 |
| >= 6 to < 8        |     1 |
| >= 8 to < 10       |    40 |
| >= 10 to < 12      |     2 |
| >= 12 to < 14      |     3 |
| >= 14 to < 16      |     2 |
| >= 16              |    18 |
+--------------------+-------+
* Control sets can be remapped at either synth_design or opt_design


3. Flip-Flop Distribution
-------------------------

+--------------+-----------------------+------------------------+-----------------+--------------+
| Clock Enable | Synchronous Set/Reset | Asynchronous Set/Reset | Total Registers | Total Slices |
+--------------+-----------------------+------------------------+-----------------+--------------+
| No           | No                    | No                     |             109 |           36 |
| No           | No                    | Yes                    |              11 |            4 |
| No           | Yes                   | No                     |              35 |           19 |
| Yes          | No                    | No                     |             299 |           71 |
| Yes          | No                    | Yes                    |             309 |           80 |
| Yes          | Yes                   | No                     |             360 |          127 |
+--------------+-----------------------+------------------------+-----------------+--------------+


4. Detailed Control Set Information
-----------------------------------

+-------------------------------------------------+----------------------------------------------------------------------------------------------------------------------------------------------------------------+-------------------------------------------------------------------------------------------------------------------------------------------------------+------------------+----------------+--------------+
|                   Clock Signal                  |                                                                          Enable Signal                                                                         |                                                                    Set/Reset Signal                                                                   | Slice Load Count | Bel Load Count | Bels / Slice |
+-------------------------------------------------+----------------------------------------------------------------------------------------------------------------------------------------------------------------+-------------------------------------------------------------------------------------------------------------------------------------------------------+------------------+----------------+--------------+
|  design_1_i/processing_system7_0/inst/FCLK_CLK0 | design_1_i/ps7_0_axi_periph/s00_couplers/auto_pc/inst/gen_axilite.gen_b2s_conv.axilite_b2s/WR.aw_channel_0/aw_cmd_fsm_0/FSM_sequential_state_reg[0]_1          | design_1_i/ps7_0_axi_periph/s00_couplers/auto_pc/inst/gen_axilite.gen_b2s_conv.axilite_b2s/WR.aw_channel_0/aw_cmd_fsm_0/FSM_sequential_state_reg[0]_0 |                1 |              1 |         1.00 |
|  design_1_i/processing_system7_0/inst/FCLK_CLK0 | design_1_i/ps7_0_axi_periph/s00_couplers/auto_pc/inst/gen_axilite.gen_b2s_conv.axilite_b2s/WR.b_channel_0/bid_fifo_0/sel                                       |                                                                                                                                                       |                1 |              2 |         2.00 |
|  design_1_i/processing_system7_0/inst/FCLK_CLK0 |                                                                                                                                                                | design_1_i/ps7_0_axi_periph/s00_couplers/auto_pc/inst/gen_axilite.gen_b2s_conv.axilite_b2s/SI_REG/aw.aw_pipe/aresetn_d_reg[0]_0                       |                2 |              4 |         2.00 |
|  design_1_i/processing_system7_0/inst/FCLK_CLK0 |                                                                                                                                                                | design_1_i/ps7_0_axi_periph/s00_couplers/auto_pc/inst/gen_axilite.gen_b2s_conv.axilite_b2s/SI_REG/ar.ar_pipe/aresetn_d_reg[1]_inv_0                   |                2 |              4 |         2.00 |
|  design_1_i/processing_system7_0/inst/FCLK_CLK0 |                                                                                                                                                                | design_1_i/rst_ps7_0_100M/U0/EXT_LPF/lpf_int                                                                                                          |                2 |              4 |         2.00 |
|  design_1_i/processing_system7_0/inst/FCLK_CLK0 | design_1_i/ps7_0_axi_periph/s00_couplers/auto_pc/inst/gen_axilite.gen_b2s_conv.axilite_b2s/RD.ar_channel_0/ar_cmd_fsm_0/m_axi_arready_2                        | design_1_i/ps7_0_axi_periph/s00_couplers/auto_pc/inst/gen_axilite.gen_b2s_conv.axilite_b2s/RD.ar_channel_0/ar_cmd_fsm_0/FSM_sequential_state_reg[1]_0 |                1 |              4 |         4.00 |
|  design_1_i/processing_system7_0/inst/FCLK_CLK0 | design_1_i/lab22_matbi_0/inst/myip_v1_0_inst/myip_v1_0_S00_AXI_inst/axi_awready0                                                                               | design_1_i/lab22_matbi_0/inst/myip_v1_0_inst/myip_v1_0_S00_AXI_inst/s00_axi_aresetn_0                                                                 |                1 |              4 |         4.00 |
|  design_1_i/processing_system7_0/inst/FCLK_CLK0 | design_1_i/lab22_matbi_0/inst/myip_v1_0_inst/myip_v1_0_S00_AXI_inst/axi_arready0                                                                               | design_1_i/lab22_matbi_0/inst/myip_v1_0_inst/myip_v1_0_S00_AXI_inst/s00_axi_aresetn_0                                                                 |                1 |              4 |         4.00 |
|  design_1_i/processing_system7_0/inst/FCLK_CLK0 | design_1_i/ps7_0_axi_periph/s00_couplers/auto_pc/inst/gen_axilite.gen_b2s_conv.axilite_b2s/RD.r_channel_0/transaction_fifo_0/cnt_read[4]_i_1_n_0               | design_1_i/ps7_0_axi_periph/s00_couplers/auto_pc/inst/gen_axilite.gen_b2s_conv.axilite_b2s/areset_d1                                                  |                2 |              5 |         2.50 |
|  design_1_i/processing_system7_0/inst/FCLK_CLK0 | design_1_i/ps7_0_axi_periph/s00_couplers/auto_pc/inst/gen_axilite.gen_b2s_conv.axilite_b2s/RD.r_channel_0/rd_data_fifo_0/cnt_read[4]_i_1__0_n_0                | design_1_i/ps7_0_axi_periph/s00_couplers/auto_pc/inst/gen_axilite.gen_b2s_conv.axilite_b2s/areset_d1                                                  |                2 |              5 |         2.50 |
|  design_1_i/processing_system7_0/inst/FCLK_CLK0 | design_1_i/rst_ps7_0_100M/U0/SEQ/seq_cnt_en                                                                                                                    | design_1_i/rst_ps7_0_100M/U0/SEQ/SEQ_COUNTER/clear                                                                                                    |                1 |              6 |         6.00 |
|  design_1_i/processing_system7_0/inst/FCLK_CLK0 | design_1_i/lab22_matbi_0/inst/myip_v1_0_inst/myip_v1_0_S00_AXI_inst/slv_regc[15]_i_1_n_0                                                                       | design_1_i/lab22_matbi_0/inst/myip_v1_0_inst/myip_v1_0_S00_AXI_inst/s00_axi_aresetn_0                                                                 |                4 |              8 |         2.00 |
|  design_1_i/processing_system7_0/inst/FCLK_CLK0 | design_1_i/lab22_matbi_0/inst/myip_v1_0_inst/myip_v1_0_S00_AXI_inst/slv_reg0[23]_i_1_n_0                                                                       | design_1_i/lab22_matbi_0/inst/myip_v1_0_inst/myip_v1_0_S00_AXI_inst/s00_axi_aresetn_0                                                                 |                2 |              8 |         4.00 |
|  design_1_i/processing_system7_0/inst/FCLK_CLK0 | design_1_i/lab22_matbi_0/inst/myip_v1_0_inst/myip_v1_0_S00_AXI_inst/slv_reg0[15]_i_1_n_0                                                                       | design_1_i/lab22_matbi_0/inst/myip_v1_0_inst/myip_v1_0_S00_AXI_inst/s00_axi_aresetn_0                                                                 |                1 |              8 |         8.00 |
|  design_1_i/processing_system7_0/inst/FCLK_CLK0 | design_1_i/lab22_matbi_0/inst/myip_v1_0_inst/myip_v1_0_S00_AXI_inst/slv_reg2[15]_i_1_n_0                                                                       | design_1_i/lab22_matbi_0/inst/myip_v1_0_inst/myip_v1_0_S00_AXI_inst/s00_axi_aresetn_0                                                                 |                4 |              8 |         2.00 |
|  design_1_i/processing_system7_0/inst/FCLK_CLK0 | design_1_i/lab22_matbi_0/inst/myip_v1_0_inst/myip_v1_0_S00_AXI_inst/slv_reg0[7]_i_1_n_0                                                                        | design_1_i/lab22_matbi_0/inst/myip_v1_0_inst/myip_v1_0_S00_AXI_inst/s00_axi_aresetn_0                                                                 |                3 |              8 |         2.67 |
|  design_1_i/processing_system7_0/inst/FCLK_CLK0 | design_1_i/lab22_matbi_0/inst/myip_v1_0_inst/myip_v1_0_S00_AXI_inst/slv_rega[15]_i_1_n_0                                                                       | design_1_i/lab22_matbi_0/inst/myip_v1_0_inst/myip_v1_0_S00_AXI_inst/s00_axi_aresetn_0                                                                 |                4 |              8 |         2.00 |
|  design_1_i/processing_system7_0/inst/FCLK_CLK0 | design_1_i/lab22_matbi_0/inst/myip_v1_0_inst/myip_v1_0_S00_AXI_inst/slv_regb[15]_i_1_n_0                                                                       | design_1_i/lab22_matbi_0/inst/myip_v1_0_inst/myip_v1_0_S00_AXI_inst/s00_axi_aresetn_0                                                                 |                3 |              8 |         2.67 |
|  design_1_i/processing_system7_0/inst/FCLK_CLK0 | design_1_i/lab22_matbi_0/inst/myip_v1_0_inst/myip_v1_0_S00_AXI_inst/slv_reg2[7]_i_1_n_0                                                                        | design_1_i/lab22_matbi_0/inst/myip_v1_0_inst/myip_v1_0_S00_AXI_inst/s00_axi_aresetn_0                                                                 |                1 |              8 |         8.00 |
|  design_1_i/processing_system7_0/inst/FCLK_CLK0 | design_1_i/lab22_matbi_0/inst/myip_v1_0_inst/myip_v1_0_S00_AXI_inst/slv_regb[23]_i_1_n_0                                                                       | design_1_i/lab22_matbi_0/inst/myip_v1_0_inst/myip_v1_0_S00_AXI_inst/s00_axi_aresetn_0                                                                 |                1 |              8 |         8.00 |
|  design_1_i/processing_system7_0/inst/FCLK_CLK0 | design_1_i/lab22_matbi_0/inst/myip_v1_0_inst/myip_v1_0_S00_AXI_inst/slv_rega[23]_i_1_n_0                                                                       | design_1_i/lab22_matbi_0/inst/myip_v1_0_inst/myip_v1_0_S00_AXI_inst/s00_axi_aresetn_0                                                                 |                1 |              8 |         8.00 |
|  design_1_i/processing_system7_0/inst/FCLK_CLK0 | design_1_i/lab22_matbi_0/inst/myip_v1_0_inst/myip_v1_0_S00_AXI_inst/slv_reg2[23]_i_1_n_0                                                                       | design_1_i/lab22_matbi_0/inst/myip_v1_0_inst/myip_v1_0_S00_AXI_inst/s00_axi_aresetn_0                                                                 |                1 |              8 |         8.00 |
|  design_1_i/processing_system7_0/inst/FCLK_CLK0 | design_1_i/lab22_matbi_0/inst/myip_v1_0_inst/myip_v1_0_S00_AXI_inst/slv_rega[31]_i_1_n_0                                                                       | design_1_i/lab22_matbi_0/inst/myip_v1_0_inst/myip_v1_0_S00_AXI_inst/s00_axi_aresetn_0                                                                 |                4 |              8 |         2.00 |
|  design_1_i/processing_system7_0/inst/FCLK_CLK0 | design_1_i/lab22_matbi_0/inst/myip_v1_0_inst/myip_v1_0_S00_AXI_inst/slv_rega[7]_i_1_n_0                                                                        | design_1_i/lab22_matbi_0/inst/myip_v1_0_inst/myip_v1_0_S00_AXI_inst/s00_axi_aresetn_0                                                                 |                3 |              8 |         2.67 |
|  design_1_i/processing_system7_0/inst/FCLK_CLK0 | design_1_i/lab22_matbi_0/inst/myip_v1_0_inst/myip_v1_0_S00_AXI_inst/slv_reg4[23]_i_1_n_0                                                                       | design_1_i/lab22_matbi_0/inst/myip_v1_0_inst/myip_v1_0_S00_AXI_inst/s00_axi_aresetn_0                                                                 |                3 |              8 |         2.67 |
|  design_1_i/processing_system7_0/inst/FCLK_CLK0 | design_1_i/lab22_matbi_0/inst/myip_v1_0_inst/myip_v1_0_S00_AXI_inst/slv_reg4[31]_i_1_n_0                                                                       | design_1_i/lab22_matbi_0/inst/myip_v1_0_inst/myip_v1_0_S00_AXI_inst/s00_axi_aresetn_0                                                                 |                1 |              8 |         8.00 |
|  design_1_i/processing_system7_0/inst/FCLK_CLK0 | design_1_i/lab22_matbi_0/inst/myip_v1_0_inst/myip_v1_0_S00_AXI_inst/slv_regb[31]_i_1_n_0                                                                       | design_1_i/lab22_matbi_0/inst/myip_v1_0_inst/myip_v1_0_S00_AXI_inst/s00_axi_aresetn_0                                                                 |                1 |              8 |         8.00 |
|  design_1_i/processing_system7_0/inst/FCLK_CLK0 | design_1_i/lab22_matbi_0/inst/myip_v1_0_inst/myip_v1_0_S00_AXI_inst/slv_regb[7]_i_1_n_0                                                                        | design_1_i/lab22_matbi_0/inst/myip_v1_0_inst/myip_v1_0_S00_AXI_inst/s00_axi_aresetn_0                                                                 |                2 |              8 |         4.00 |
|  design_1_i/processing_system7_0/inst/FCLK_CLK0 | design_1_i/lab22_matbi_0/inst/myip_v1_0_inst/myip_v1_0_S00_AXI_inst/slv_reg2[31]_i_1_n_0                                                                       | design_1_i/lab22_matbi_0/inst/myip_v1_0_inst/myip_v1_0_S00_AXI_inst/s00_axi_aresetn_0                                                                 |                2 |              8 |         4.00 |
|  design_1_i/processing_system7_0/inst/FCLK_CLK0 | design_1_i/lab22_matbi_0/inst/myip_v1_0_inst/myip_v1_0_S00_AXI_inst/slv_reg4[15]_i_1_n_0                                                                       | design_1_i/lab22_matbi_0/inst/myip_v1_0_inst/myip_v1_0_S00_AXI_inst/s00_axi_aresetn_0                                                                 |                4 |              8 |         2.00 |
|  design_1_i/processing_system7_0/inst/FCLK_CLK0 | design_1_i/lab22_matbi_0/inst/myip_v1_0_inst/myip_v1_0_S00_AXI_inst/slv_reg4[7]_i_1_n_0                                                                        | design_1_i/lab22_matbi_0/inst/myip_v1_0_inst/myip_v1_0_S00_AXI_inst/s00_axi_aresetn_0                                                                 |                2 |              8 |         4.00 |
|  design_1_i/processing_system7_0/inst/FCLK_CLK0 | design_1_i/lab22_matbi_0/inst/myip_v1_0_inst/myip_v1_0_S00_AXI_inst/slv_regf[23]_i_1_n_0                                                                       | design_1_i/lab22_matbi_0/inst/myip_v1_0_inst/myip_v1_0_S00_AXI_inst/s00_axi_aresetn_0                                                                 |                1 |              8 |         8.00 |
|  design_1_i/processing_system7_0/inst/FCLK_CLK0 | design_1_i/lab22_matbi_0/inst/myip_v1_0_inst/myip_v1_0_S00_AXI_inst/slv_regd[31]_i_1_n_0                                                                       | design_1_i/lab22_matbi_0/inst/myip_v1_0_inst/myip_v1_0_S00_AXI_inst/s00_axi_aresetn_0                                                                 |                3 |              8 |         2.67 |
|  design_1_i/processing_system7_0/inst/FCLK_CLK0 | design_1_i/lab22_matbi_0/inst/myip_v1_0_inst/myip_v1_0_S00_AXI_inst/slv_rege[31]_i_1_n_0                                                                       | design_1_i/lab22_matbi_0/inst/myip_v1_0_inst/myip_v1_0_S00_AXI_inst/s00_axi_aresetn_0                                                                 |                2 |              8 |         4.00 |
|  design_1_i/processing_system7_0/inst/FCLK_CLK0 | design_1_i/lab22_matbi_0/inst/myip_v1_0_inst/myip_v1_0_S00_AXI_inst/slv_regf[7]_i_1_n_0                                                                        | design_1_i/lab22_matbi_0/inst/myip_v1_0_inst/myip_v1_0_S00_AXI_inst/s00_axi_aresetn_0                                                                 |                1 |              8 |         8.00 |
|  design_1_i/processing_system7_0/inst/FCLK_CLK0 | design_1_i/lab22_matbi_0/inst/myip_v1_0_inst/myip_v1_0_S00_AXI_inst/slv_regc[31]_i_1_n_0                                                                       | design_1_i/lab22_matbi_0/inst/myip_v1_0_inst/myip_v1_0_S00_AXI_inst/s00_axi_aresetn_0                                                                 |                1 |              8 |         8.00 |
|  design_1_i/processing_system7_0/inst/FCLK_CLK0 | design_1_i/lab22_matbi_0/inst/myip_v1_0_inst/myip_v1_0_S00_AXI_inst/slv_rege[23]_i_1_n_0                                                                       | design_1_i/lab22_matbi_0/inst/myip_v1_0_inst/myip_v1_0_S00_AXI_inst/s00_axi_aresetn_0                                                                 |                2 |              8 |         4.00 |
|  design_1_i/processing_system7_0/inst/FCLK_CLK0 | design_1_i/lab22_matbi_0/inst/myip_v1_0_inst/myip_v1_0_S00_AXI_inst/slv_regc[7]_i_1_n_0                                                                        | design_1_i/lab22_matbi_0/inst/myip_v1_0_inst/myip_v1_0_S00_AXI_inst/s00_axi_aresetn_0                                                                 |                3 |              8 |         2.67 |
|  design_1_i/processing_system7_0/inst/FCLK_CLK0 | design_1_i/lab22_matbi_0/inst/myip_v1_0_inst/myip_v1_0_S00_AXI_inst/slv_regf[31]_i_1_n_0                                                                       | design_1_i/lab22_matbi_0/inst/myip_v1_0_inst/myip_v1_0_S00_AXI_inst/s00_axi_aresetn_0                                                                 |                2 |              8 |         4.00 |
|  design_1_i/processing_system7_0/inst/FCLK_CLK0 | design_1_i/lab22_matbi_0/inst/myip_v1_0_inst/myip_v1_0_S00_AXI_inst/slv_regd[7]_i_1_n_0                                                                        | design_1_i/lab22_matbi_0/inst/myip_v1_0_inst/myip_v1_0_S00_AXI_inst/s00_axi_aresetn_0                                                                 |                3 |              8 |         2.67 |
|  design_1_i/processing_system7_0/inst/FCLK_CLK0 | design_1_i/lab22_matbi_0/inst/myip_v1_0_inst/myip_v1_0_S00_AXI_inst/slv_rege[7]_i_1_n_0                                                                        | design_1_i/lab22_matbi_0/inst/myip_v1_0_inst/myip_v1_0_S00_AXI_inst/s00_axi_aresetn_0                                                                 |                3 |              8 |         2.67 |
|  design_1_i/processing_system7_0/inst/FCLK_CLK0 | design_1_i/lab22_matbi_0/inst/myip_v1_0_inst/myip_v1_0_S00_AXI_inst/slv_regd[15]_i_1_n_0                                                                       | design_1_i/lab22_matbi_0/inst/myip_v1_0_inst/myip_v1_0_S00_AXI_inst/s00_axi_aresetn_0                                                                 |                3 |              8 |         2.67 |
|  design_1_i/processing_system7_0/inst/FCLK_CLK0 | design_1_i/lab22_matbi_0/inst/myip_v1_0_inst/myip_v1_0_S00_AXI_inst/slv_rege[15]_i_1_n_0                                                                       | design_1_i/lab22_matbi_0/inst/myip_v1_0_inst/myip_v1_0_S00_AXI_inst/s00_axi_aresetn_0                                                                 |                3 |              8 |         2.67 |
|  design_1_i/processing_system7_0/inst/FCLK_CLK0 | design_1_i/lab22_matbi_0/inst/myip_v1_0_inst/myip_v1_0_S00_AXI_inst/slv_regd[23]_i_1_n_0                                                                       | design_1_i/lab22_matbi_0/inst/myip_v1_0_inst/myip_v1_0_S00_AXI_inst/s00_axi_aresetn_0                                                                 |                3 |              8 |         2.67 |
|  design_1_i/processing_system7_0/inst/FCLK_CLK0 | design_1_i/lab22_matbi_0/inst/myip_v1_0_inst/myip_v1_0_S00_AXI_inst/slv_regf[15]_i_1_n_0                                                                       | design_1_i/lab22_matbi_0/inst/myip_v1_0_inst/myip_v1_0_S00_AXI_inst/s00_axi_aresetn_0                                                                 |                2 |              8 |         4.00 |
|  design_1_i/processing_system7_0/inst/FCLK_CLK0 | design_1_i/ps7_0_axi_periph/s00_couplers/auto_pc/inst/gen_axilite.gen_b2s_conv.axilite_b2s/WR.aw_channel_0/cmd_translator_0/incr_cmd_0/axaddr_incr[11]_i_1_n_0 |                                                                                                                                                       |                1 |              8 |         8.00 |
|  design_1_i/processing_system7_0/inst/FCLK_CLK0 | design_1_i/ps7_0_axi_periph/s00_couplers/auto_pc/inst/gen_axilite.gen_b2s_conv.axilite_b2s/WR.aw_channel_0/aw_cmd_fsm_0/m_valid_i_reg[0]                       |                                                                                                                                                       |                4 |              8 |         2.00 |
|  design_1_i/processing_system7_0/inst/FCLK_CLK0 | design_1_i/ps7_0_axi_periph/s00_couplers/auto_pc/inst/gen_axilite.gen_b2s_conv.axilite_b2s/RD.ar_channel_0/ar_cmd_fsm_0/E[0]                                   |                                                                                                                                                       |                3 |              8 |         2.67 |
|  design_1_i/processing_system7_0/inst/FCLK_CLK0 | design_1_i/ps7_0_axi_periph/s00_couplers/auto_pc/inst/gen_axilite.gen_b2s_conv.axilite_b2s/RD.ar_channel_0/ar_cmd_fsm_0/sel_first_reg[0]                       |                                                                                                                                                       |                2 |              8 |         4.00 |
|  design_1_i/processing_system7_0/inst/FCLK_CLK0 | design_1_i/lab22_matbi_0/inst/myip_v1_0_inst/myip_v1_0_S00_AXI_inst/slv_regc[23]_i_1_n_0                                                                       | design_1_i/lab22_matbi_0/inst/myip_v1_0_inst/myip_v1_0_S00_AXI_inst/s00_axi_aresetn_0                                                                 |                3 |              8 |         2.67 |
|  design_1_i/processing_system7_0/inst/FCLK_CLK0 | design_1_i/ps7_0_axi_periph/s00_couplers/auto_pc/inst/gen_axilite.gen_b2s_conv.axilite_b2s/WR.b_channel_0/mhandshake_r                                         | design_1_i/ps7_0_axi_periph/s00_couplers/auto_pc/inst/gen_axilite.gen_b2s_conv.axilite_b2s/WR.b_channel_0/bid_fifo_0/SR[0]                            |                2 |              8 |         4.00 |
|  design_1_i/processing_system7_0/inst/FCLK_CLK0 |                                                                                                                                                                | design_1_i/ps7_0_axi_periph/s00_couplers/auto_pc/inst/gen_axilite.gen_b2s_conv.axilite_b2s/areset_d1                                                  |                6 |             10 |         1.67 |
|  design_1_i/processing_system7_0/inst/FCLK_CLK0 | design_1_i/lab22_matbi_0/inst/myip_v1_0_inst/myip_v1_0_S00_AXI_inst/slv_reg0[31]_i_1_n_0                                                                       | design_1_i/lab22_matbi_0/inst/myip_v1_0_inst/myip_v1_0_S00_AXI_inst/s00_axi_aresetn_0                                                                 |                2 |             11 |         5.50 |
|  design_1_i/processing_system7_0/inst/FCLK_CLK0 | design_1_i/lab22_matbi_0/inst/myip_v1_0_inst/myip_v1_0_S00_AXI_inst/mem0_addr_cnt[0]_i_1_n_0                                                                   | design_1_i/lab22_matbi_0/inst/myip_v1_0_inst/myip_v1_0_S00_AXI_inst/s00_axi_aresetn_0                                                                 |                3 |             12 |         4.00 |
|  design_1_i/processing_system7_0/inst/FCLK_CLK0 | design_1_i/lab22_matbi_0/inst/myip_v1_0_inst/myip_v1_0_S00_AXI_inst/mem1_addr_cnt[0]_i_1_n_0                                                                   | design_1_i/lab22_matbi_0/inst/myip_v1_0_inst/myip_v1_0_S00_AXI_inst/s00_axi_aresetn_0                                                                 |                3 |             12 |         4.00 |
|  design_1_i/processing_system7_0/inst/FCLK_CLK0 | design_1_i/ps7_0_axi_periph/s00_couplers/auto_pc/inst/gen_axilite.gen_b2s_conv.axilite_b2s/RD.r_channel_0/r_push_r                                             |                                                                                                                                                       |                4 |             13 |         3.25 |
|  design_1_i/processing_system7_0/inst/FCLK_CLK0 | design_1_i/ps7_0_axi_periph/s00_couplers/auto_pc/inst/gen_axilite.gen_b2s_conv.axilite_b2s/SI_REG/b.b_pipe/s_ready_i_reg_0                                     |                                                                                                                                                       |                4 |             14 |         3.50 |
|  design_1_i/processing_system7_0/inst/FCLK_CLK0 | design_1_i/ps7_0_axi_periph/s00_couplers/auto_pc/inst/gen_axilite.gen_b2s_conv.axilite_b2s/SI_REG/b.b_pipe/p_1_in                                              |                                                                                                                                                       |                3 |             14 |         4.67 |
|  design_1_i/processing_system7_0/inst/FCLK_CLK0 | design_1_i/ps7_0_axi_periph/s00_couplers/auto_pc/inst/gen_axilite.gen_b2s_conv.axilite_b2s/WR.aw_channel_0/aw_cmd_fsm_0/m_axi_awready_0                        |                                                                                                                                                       |                3 |             16 |         5.33 |
|  design_1_i/processing_system7_0/inst/FCLK_CLK0 | design_1_i/ps7_0_axi_periph/s00_couplers/auto_pc/inst/gen_axilite.gen_b2s_conv.axilite_b2s/RD.ar_channel_0/ar_cmd_fsm_0/m_axi_arready_2                        |                                                                                                                                                       |                8 |             17 |         2.12 |
|  design_1_i/processing_system7_0/inst/FCLK_CLK0 | design_1_i/ps7_0_axi_periph/s00_couplers/auto_pc/inst/gen_axilite.gen_b2s_conv.axilite_b2s/WR.aw_channel_0/aw_cmd_fsm_0/FSM_sequential_state_reg[0]_1          |                                                                                                                                                       |                7 |             20 |         2.86 |
|  design_1_i/processing_system7_0/inst/FCLK_CLK0 |                                                                                                                                                                | design_1_i/lab22_matbi_0/inst/myip_v1_0_inst/myip_v1_0_S00_AXI_inst/s00_axi_aresetn_0                                                                 |               11 |             24 |         2.18 |
|  design_1_i/processing_system7_0/inst/FCLK_CLK0 | design_1_i/ps7_0_axi_periph/s00_couplers/auto_pc/inst/gen_axilite.gen_b2s_conv.axilite_b2s/WR.aw_channel_0/aw_cmd_fsm_0/E[0]                                   |                                                                                                                                                       |                4 |             28 |         7.00 |
|  design_1_i/processing_system7_0/inst/FCLK_CLK0 | design_1_i/ps7_0_axi_periph/s00_couplers/auto_pc/inst/gen_axilite.gen_b2s_conv.axilite_b2s/SI_REG/ar.ar_pipe/s_ready_i_reg_0                                   |                                                                                                                                                       |                7 |             28 |         4.00 |
|  design_1_i/processing_system7_0/inst/FCLK_CLK0 | design_1_i/ps7_0_axi_periph/s00_couplers/auto_pc/inst/gen_axilite.gen_b2s_conv.axilite_b2s/SI_REG/aw.aw_pipe/s_ready_i_reg_0                                   |                                                                                                                                                       |                6 |             28 |         4.67 |
|  design_1_i/processing_system7_0/inst/FCLK_CLK0 | design_1_i/ps7_0_axi_periph/s00_couplers/auto_pc/inst/gen_axilite.gen_b2s_conv.axilite_b2s/RD.ar_channel_0/ar_cmd_fsm_0/m_valid_i_reg[0]                       |                                                                                                                                                       |                6 |             28 |         4.67 |
|  design_1_i/processing_system7_0/inst/FCLK_CLK0 | design_1_i/lab22_matbi_0/inst/myip_v1_0_inst/myip_v1_0_S00_AXI_inst/slv_reg0_reg[31]_rep_0[0]                                                                  | design_1_i/lab22_matbi_0/inst/myip_v1_0_inst/myip_v1_0_S00_AXI_inst/s00_axi_aresetn_0                                                                 |                4 |             31 |         7.75 |
|  design_1_i/processing_system7_0/inst/FCLK_CLK0 | design_1_i/lab22_matbi_0/inst/u_data_mover_bram/mem1_ce0                                                                                                       | design_1_i/lab22_matbi_0/inst/myip_v1_0_inst/myip_v1_0_S00_AXI_inst/s00_axi_aresetn_0                                                                 |                8 |             31 |         3.88 |
|  design_1_i/processing_system7_0/inst/FCLK_CLK0 | design_1_i/lab22_matbi_0/inst/u_data_mover_bram/u_fully_connected_core_8b_1/r_valid_reg[1]_0                                                                   | design_1_i/lab22_matbi_0/inst/myip_v1_0_inst/myip_v1_0_S00_AXI_inst/s00_axi_aresetn_0                                                                 |                8 |             31 |         3.88 |
|  design_1_i/processing_system7_0/inst/FCLK_CLK0 | design_1_i/lab22_matbi_0/inst/myip_v1_0_inst/myip_v1_0_S00_AXI_inst/slv_reg_rden_d                                                                             | design_1_i/lab22_matbi_0/inst/myip_v1_0_inst/myip_v1_0_S00_AXI_inst/s00_axi_aresetn_0                                                                 |               32 |             32 |         1.00 |
|  design_1_i/processing_system7_0/inst/FCLK_CLK0 | design_1_i/ps7_0_axi_periph/s00_couplers/auto_pc/inst/gen_axilite.gen_b2s_conv.axilite_b2s/RD.r_channel_0/rd_data_fifo_0/wr_en0                                |                                                                                                                                                       |                9 |             32 |         3.56 |
|  design_1_i/processing_system7_0/inst/FCLK_CLK0 | design_1_i/ps7_0_axi_periph/s00_couplers/auto_pc/inst/gen_axilite.gen_b2s_conv.axilite_b2s/SI_REG/r.r_pipe/s_ready_i_reg_0                                     |                                                                                                                                                       |                8 |             45 |         5.62 |
|  design_1_i/processing_system7_0/inst/FCLK_CLK0 | design_1_i/ps7_0_axi_periph/s00_couplers/auto_pc/inst/gen_axilite.gen_b2s_conv.axilite_b2s/SI_REG/r.r_pipe/p_1_in                                              |                                                                                                                                                       |                8 |             45 |         5.62 |
|  design_1_i/processing_system7_0/inst/FCLK_CLK0 | design_1_i/lab22_matbi_0/inst/myip_v1_0_inst/myip_v1_0_S00_AXI_inst/E[0]                                                                                       | design_1_i/lab22_matbi_0/inst/myip_v1_0_inst/myip_v1_0_S00_AXI_inst/s00_axi_aresetn_0                                                                 |               22 |             64 |         2.91 |
|  design_1_i/processing_system7_0/inst/FCLK_CLK0 |                                                                                                                                                                |                                                                                                                                                       |               37 |            110 |         2.97 |
|  design_1_i/processing_system7_0/inst/FCLK_CLK0 | design_1_i/lab22_matbi_0/inst/myip_v1_0_inst/myip_v1_0_S00_AXI_inst/slv_reg0_reg[31]_0                                                                         | design_1_i/lab22_matbi_0/inst/myip_v1_0_inst/myip_v1_0_S00_AXI_inst/s00_axi_aresetn_0                                                                 |               32 |            128 |         4.00 |
+-------------------------------------------------+----------------------------------------------------------------------------------------------------------------------------------------------------------------+-------------------------------------------------------------------------------------------------------------------------------------------------------+------------------+----------------+--------------+


